11_9_2021-15-15.40.61968: [STARTUP] Bot is running!
15:47:35.300437: [CMD] Ã—Ã—IceandFireÃ—Ã—#7033: '!logs', Guild: Mystic Mod - The Gang, Channel: cmds
15:47:45.298379: [CMD] SLOTHS2010#2689: '!meme bi_irl', Guild: Mystic Mod - The Gang, Channel: cmds
15:48:23.060362: [CMD] mariyt#0420: '!logs', Guild: None, Channel: Direct Message with mariyt#0420
15:48:26.566314: [CMD] SLOTHS2010#2689: '!meme biirl', Guild: Mystic Mod - The Gang, Channel: cmds
15:48:36.536631: [CMD] SLOTHS2010#2689: '!meme BiIRL', Guild: Mystic Mod - The Gang, Channel: cmds
15:48:46.735732: [CMD] Ã—Ã—IceandFireÃ—Ã—#7033: '!meme me_irl', Guild: Mystic Mod - The Gang, Channel: cmds
15:49:10.298170: [CMD] SLOTHS2010#2689: '!meme bi_irl me when', Guild: Mystic Mod - The Gang, Channel: cmds
15:49:22.385523: [CMD] SLOTHS2010#2689: '!meme bi irl', Guild: Mystic Mod - The Gang, Channel: cmds
15:49:30.298965: [CMD] SLOTHS2010#2689: '!meme bi-irl', Guild: Mystic Mod - The Gang, Channel: cmds
15:49:30.300175: [CMD] Ã—Ã—IceandFireÃ—Ã—#7033: '!meme minecraftpvp', Guild: Mystic Mod - The Gang, Channel: cmds
15:49:36.058520: [CMD] mariyt#0420: '!meme "bi irl"', Guild: Mystic Mod - The Gang, Channel: cmds
15:49:40.297723: [CMD] SLOTHS2010#2689: '!meme Bi_irl', Guild: Mystic Mod - The Gang, Channel: cmds
15:52:22.528224: [CMD] SLOTHS2010#2689: '!meme traaaaaaannnnnnnnnns', Guild: Mystic Mod - The Gang, Channel: cmds
15:53:21.836374: [CMD] deutran#0386: '!alt', Guild: mc alts, Channel: alts
15:54:11.729106: [CMD] SLOTHS2010#2689: '!meme r/traaaaaaannnnnnnnnns', Guild: Mystic Mod - The Gang, Channel: cmds
15:54:43.070867: [CMD] SLOTHS2010#2689: '!meme traaaaaaannnnnnnnnns', Guild: Mystic Mod - The Gang, Channel: cmds
15:56:31.797593: [CMD] gzeht#5884: '!check Jamesw439@yahoo.com:matthew25', Guild: joe inc., Channel: bot
16:41:11.792016: [CMD] (×©××•×œ×™×§ ×”××œ×š (× ×˜×•×”×˜××‘×˜×‘#0001: '!say !say 1', Guild: joe inc., Channel: test
17:06:40.300067: [CMD] !!      ğ“…atatesadam#9073: '!say @mantion', Guild: joe inc., Channel: test
18:19:20.668772: [CMD] (×©××•×œ×™×§ ×”××œ×š (× ×˜×•×”×˜××‘×˜×‘#0001: '!alt', Guild: joe inc., Channel: test
18:23:11.749786: [CMD] mariyt#0420: '!help', Guild: William Shakespeare Official Fanclub, Channel: le-fishe-au-general
18:23:20.298630: [CMD] joe swanson#1234: '!alt', Guild: William Shakespeare Official Fanclub, Channel: le-fishe-au-general
18:23:35.297645: [CMD] joe swanson#1234: '!data <@484170415720235009>', Guild: William Shakespeare Official Fanclub, Channel: le-fishe-au-general
