11_9_2021-21-42.00.346585: [STARTUP] Bot is running!
21:42:08.485434: [CMD] Ashley~#1337: '!tts Why would I get a girlfriend, she can always sell out my base coordinates to popbob the infamous griefer', Guild: William Shakespeare Official Fanclub, Channel: pybot
21:42:28.937752: [CMD] Ashley~#1337: '!tts shut the fuck up', Guild: William Shakespeare Official Fanclub, Channel: pybot
21:42:38.839166: [CMD] Ashley~#1337: '!tts i hate ni', Guild: William Shakespeare Official Fanclub, Channel: pybot
21:42:46.561044: [CMD] Ashley~#1337: '!tts i hate ni-', Guild: William Shakespeare Official Fanclub, Channel: pybot
21:42:48.501036: [CMD] mariyt#0420: '!tts pรชcher le poisson et manger de poison -l fr', Guild: William Shakespeare Official Fanclub, Channel: pybot
21:43:05.699669: [CMD] Ashley~#1337: '!tts boobs, boobs', Guild: William Shakespeare Official Fanclub, Channel: pybot
21:43:12.324976: [CMD] Ashley~#1337: '!tts boobs boobs', Guild: William Shakespeare Official Fanclub, Channel: pybot
21:43:41.908961: [CMD] Ashley~#1337: '!tts Welcome to the zone. Only inside anime girls. Quivering. Double jointed. Fresh. Elegant. First the kiss, then the. My is in love with pain. Co-op torture. Stuff my into a furnace. Stitch my shut. Pressure cook my greasy. Me, and make it snappy. What's all the? My dad fell into a shaft. My dad glazed my face with. Fertilize a baby with. Spunk in my trunk. Craving toddler. Drippin. Rae Jepsen. Me baby. Bottom boy.
Night of the Living. Nefarious mastermind. Makes me fearless. Crammer. Slammer. Slammed ya mum. Mail your mum pieces of my. Bazinga! Chug the. Ya mum. My full of. Three little words. Get. Nerd. Stuffer. Jenkem huffer. My puddle. Bottom stuffer. Huffer. Would love a gator to me. Undercooked baby pig. Help my dogs get a huge. Full of cat. Accidentally my own. I barely had any inside me. Who ate all my? A mystery. Detective hot on the trail. Bees make honey. I make.', Guild: William Shakespeare Official Fanclub, Channel: pybot
21:46:15.892519: [CMD] Ashley~#1337: '!tts pressure cook my greasy balls', Guild: William Shakespeare Official Fanclub, Channel: pybot
21:46:28.871445: [CMD] Ashley~#1337: '!tts cummy yummy', Guild: William Shakespeare Official Fanclub, Channel: pybot
21:46:45.891582: [CMD] Ashley~#1337: '!tts balls dick cock shaft boobs penis testicles', Guild: William Shakespeare Official Fanclub, Channel: pybot
21:47:20.952796: [CMD] Ashley~#1337: '!tts . . . .', Guild: William Shakespeare Official Fanclub, Channel: pybot
21:47:26.851055: [CMD] Ashley~#1337: '!tts period', Guild: William Shakespeare Official Fanclub, Channel: pybot
21:47:30.507029: [CMD] Ashley~#1337: '!tts %', Guild: William Shakespeare Official Fanclub, Channel: pybot
21:47:38.040727: [CMD] Ashley~#1337: '!tts %%%%%%%%%%%%%%%%%%%%%%%%%%%%%%%%%%%%%%%%%%%%%%%%%%%%%%%%%%%%%%%%%%%%%%%%%%%%%%%%%', Guild: William Shakespeare Official Fanclub, Channel: pybot
21:47:49.221572: [CMD] Ashley~#1337: '!tts $', Guild: William Shakespeare Official Fanclub, Channel: pybot
21:47:53.228794: [CMD] Ashley~#1337: '!tts &', Guild: William Shakespeare Official Fanclub, Channel: pybot
21:47:57.227442: [CMD] Ashley~#1337: '!tts *', Guild: William Shakespeare Official Fanclub, Channel: pybot
21:48:01.651597: [CMD] Ashley~#1337: '!tts )(', Guild: William Shakespeare Official Fanclub, Channel: pybot
21:48:05.891305: [CMD] Ashley~#1337: '!tts _', Guild: William Shakespeare Official Fanclub, Channel: pybot
21:48:09.494610: [CMD] Ashley~#1337: '!tts =', Guild: William Shakespeare Official Fanclub, Channel: pybot
21:48:15.891539: [CMD] Ashley~#1337: '!tts +', Guild: William Shakespeare Official Fanclub, Channel: pybot
21:48:23.722982: [CMD] Ashley~#1337: '!tts ~', Guild: William Shakespeare Official Fanclub, Channel: pybot
21:48:30.080934: [CMD] Ashley~#1337: '!tts', Guild: William Shakespeare Official Fanclub, Channel: pybot
21:48:53.168517: [CMD] Ashley~#1337: '!tts `', Guild: William Shakespeare Official Fanclub, Channel: pybot
21:49:01.073607: [CMD] Ashley~#1337: '!tts /', Guild: William Shakespeare Official Fanclub, Channel: pybot
21:49:05.893730: [CMD] Ashley~#1337: '!tts <', Guild: William Shakespeare Official Fanclub, Channel: pybot
21:49:11.631246: [CMD] Ashley~#1337: '!tts |', Guild: William Shakespeare Official Fanclub, Channel: pybot
21:49:20.114869: [CMD] Ashley~#1337: '!tts \', Guild: William Shakespeare Official Fanclub, Channel: pybot
21:49:25.894750: [CMD] Ashley~#1337: '!tts 0', Guild: William Shakespeare Official Fanclub, Channel: pybot
21:49:30.722794: [CMD] Ashley~#1337: '!tts ;', Guild: William Shakespeare Official Fanclub, Channel: pybot
21:49:35.893899: [CMD] Ashley~#1337: '!tts :', Guild: William Shakespeare Official Fanclub, Channel: pybot
21:49:39.174782: [CMD] Ashley~#1337: '!tts '', Guild: William Shakespeare Official Fanclub, Channel: pybot
21:49:43.015877: [CMD] Ashley~#1337: '!tts "', Guild: William Shakespeare Official Fanclub, Channel: pybot
21:50:15.891814: [CMD] Ashley~#1337: '!tts ```among us```', Guild: William Shakespeare Official Fanclub, Channel: pybot
21:50:25.891859: [CMD] Ashley~#1337: '!tts !tts', Guild: William Shakespeare Official Fanclub, Channel: pybot
21:50:32.921904: [CMD] Ashley~#1337: '!tts tttttttttttt', Guild: William Shakespeare Official Fanclub, Channel: pybot
21:51:00.938969: [CMD] Ashley~#1337: '!tts ttitiaaitaitiatiatiiatiatitiatiTATiATIATIAITITITATIAITITII@TIAIT@TIAIT@IIAT@IA@I@IATIA@TI@TIAT@IAITAI@@TIA@TI@ATI', Guild: William Shakespeare Official Fanclub, Channel: pybot
21:51:18.890860: [CMD] saturn5Vfive#0079: '!tts ```````````````````````````````````````````````````````````````````````````````````````````````````````````````````````````````````````````````````````sex```````````````````````````````````````````````````````````````````````````````````````````````````````````````````````````````````````````````````````', Guild: William Shakespeare Official Fanclub, Channel: pybot
21:51:40.354268: [CMD] Ashley~#1337: '!tts ,', Guild: William Shakespeare Official Fanclub, Channel: pybot
21:51:47.699141: [CMD] Ashley~#1337: '!tts ,,,,,,', Guild: William Shakespeare Official Fanclub, Channel: pybot
21:52:06.861975: [CMD] Ashley~#1337: '!tts โ', Guild: William Shakespeare Official Fanclub, Channel: pybot
21:52:17.826211: [CMD] Chrstn#6969: '<@!885631013844291674> ascii hello', Guild: William Shakespeare Official Fanclub, Channel: pybot
21:52:23.511302: [CMD] Ashley~#1337: '!tts ร', Guild: William Shakespeare Official Fanclub, Channel: pybot
21:52:28.081313: [CMD] saturn5Vfive#0079: '!ascii ?', Guild: William Shakespeare Official Fanclub, Channel: pybot
21:52:31.367166: [CMD] Ashley~#1337: '!tts รรรรรรรรรรรรรรรรรรรรรรรรรรรรรร', Guild: William Shakespeare Official Fanclub, Channel: pybot
21:52:48.097652: [CMD] Ashley~#1337: '!tts ``` .oooooo.  
dP'   `Y8b 
88o   .d8P 
`"' .d8P'  
   `88'    
   .o.     
   Y8P     
           
           
           
```', Guild: William Shakespeare Official Fanclub, Channel: pybot
21:53:11.925087: [CMD] saturn5Vfive#0079: '!tts รทรทรทรทรทรทรทรทรทรทรทรทรทรทรทรทรทรทรทรทรทรทรทรทรทรทรทรทรทรทรทรทรทรทรทรทรทรทรทรทรทรทรทรทรทรทรทรทรทรทรทรทรทรทรทรทรทรทรทรทรทรทรทรทรทรทรทรทรทรทรทรทรทรทรทรทรทรทรทรทรทรทรทรทรทรทรทรทรทรทรทรทรทรทรทรทรทรทรทรทรทรทรทรทรทรทรทรทรทรทรทรทรทรทรทรทรทรทรทรทรทรทรทรทรทรทรทรทรทรทรทรทรทรทรทรทรทรทรทรทรทรทรทรทรทรทรทรทรทรทรทรทรทรทรทรทรทรทรทรทรทรทรทรทรทรทรทรทรทรทรทรทรทรทรทรทรทรทรทรทรทรทรทรทรทรทรทรทรทรทรทรทรทรทรทรทรทรทรทรทรทรทรทรทรทรทรทรทรทรทรทรทรทรทรทรทรทรทรทรทรทรทรทรทรทรทรทรทรทรทรทรทรทรทรทรทรทรทรทรทรทรทรทรทรทรทรทรทรทรทรทรทรทรทรทรทรทรทรทรทรทรทรทรทรทรทรทรทรทรทรทรทรทรทรทรทรทรทรทรทรทรทรทรทรทรทรทรทรทรทรทรทรทรทรทรทรทรทรทรทรทรทรทรทรทรทรทรทรทรทรทรทรทรทรทรทรทรทรทรทรทรทรทรทรทรทรทรทรทรทรทรทรทรทรทรทรทรทรทรทรทรทรทรทรทรทรทรทรทรทรทรทรทรทรทรทรทรทรทรทรทรทรทรทรทรทรทรทรทรทรทรทรทรทรทรทรทรทรทรทรทรทรทรทรทรทรทรทรทรทรทรทรทรทรทรทรทรทรทรทรทรทรทรทรทรทรทรทรทรทรทรทรทรทรทรทรทรทรทรท', Guild: William Shakespeare Official Fanclub, Channel: pybot
21:53:21.213731: [CMD] Ashley~#1337: '!tts YYYYYY', Guild: William Shakespeare Official Fanclub, Channel: pybot
21:53:45.896063: [CMD] saturn5Vfive#0079: '!tts รทรทรทรทรทรทรทรทรทรทรทรทรทรทรทรทรทรทรทรทรทรทรทรทรทรทรทรทรทรทรทรทรทรทรทรทรทรทรทรทรทรทรทรทรทรทรทรทรทรทรทรทรทรทรทรทรทรทรทรทรทรทรทรทรทรทรทรทรทรทรทรทรทรทรทรทรทรทรทรทรทรทรทรทรทรทรทรทรทรทรทรทรทรทรทรทรทรทรทรทรทรทรทรทรทรทรทรทรทรทรทรทรทรทรทรทรทรทรทรทรทรทรทรทรทรทรทรทรทรทรทรทรทรทรทรทรทรทรทรทรทรทรทรทรทรทรทรทรทรทรทรทรทรทรทรทรทรทรทรทรทรทรทรทรทรทรทรทรทรทรทรทรทรทรทรทรทรทรทรทรทรทรทรทรทรทรทรทรทรทรทรทรทรทรทรทรทรทรทรทรทรทรทรทรทรทรทรทรทรทรทรทรทรทรทรทรทรทรทรทรทรทรทรทรทรทรทรทรทรทรทรทรทรทรทรทรทรทรทรทรทรทรทรทรทรทรทรทรทรทรทรทรทรทรทรทรทรทรทรทรทรทรทรทรทรทรทรทรทรทรทรทรทรทรทรทรทรทรทรทรทรทรทรทรทรทรทรทรทรทรทรทรทรทรทรทรทรทรทรทรทรทรทรทรทรทรทรทรทรทรทรทรทรทรทรทรทรทรทรทรทรทรทรทรทรทรทรทรทรทรทรทรทรทรทรทรทรทรทรทรทรทรทรทรทรทรทรทรทรทรทรทรทรทรทรทรทรทรทรทรทรทรทรทรทรทรทรทรทรทรทรทรทรทรทรทรทรทรทรทรทรทรทรทรทรทรทรทรทรทรทรทรทรทรทรทรทรทรทรทรทรทรทรทรทรทรทรทรทรทรทรทรทรทรทรทรทรทรทรทรทรทรทรทรทรทรทรทรทรทรทรทรทรทรทรทรทรทรทรทรทรทรทรทรทรทรทรทรทรทรทรทรทรทรทรทรทรทรทรทรทรทรทรทรทรทรทรทรทรทรทรทรทรทรทรทรทรทรทรทรทรทรทรทรทรทรทรทรทรทรทรทรทรทรทรทรทรทรทรทรทรทรทรทรทรทรทรทรทรทรทรทรทรทรทรทรทรทรทรทรทรทรทรทรทรทรทรทรทรทรทรทรทรทรทรทรทรทรทรทรทรทรทรทรทรทรทรทรทรทรทรทรทรทรทรทรทรทรทรทรทรทรทรทรทรทรทรทรทรทรทรทรทรทรทรทรทรทรทรทรทรทรทรทรทรทรทรทรทรทรทรทรทรทรทรทรทรทรทรทรทรทรทรทรทรทรทรทรทรทรทรทรทรทรทรทรทรทรทรทรทรทรทรทรทรทรทรทรทรทรทรทรทรทรทรทรทรทรทรทรทรทรทรทรทรทรทรทรทรทรทรทรทรทรทรทรทรทรทรทรทรทรทรทรทรทรทรทรทรทรทรทรทรทรทรทรทรทรทรทรทรทรทรทรทรทรทรทรทรทรทรทรทรทรทรทรทรทรทรทรทรทรทรทรทรทรทรทรทรทรทรทรทรทรทรทรทรทรทรทรทรทรทรทรทรทรทรทรทรทรทรทรทรทรทรทรทรทรทรทรทรทรทรทรทรทรทรทรทรทรทรทรทรทรทรทรทรทรทรทรทรทรทรทรทรทรทรทรทรทรทรทรทรทรทรทรทรทรทรทรทรทรทรทรทรทรทรทรทรทรทรทรทรทรทรทรทรทรทรทรทรทรทรทรทรทรทรทรทรทรทรทรทรทรทรทรทรทรทรทรทรทรทรทรทรทรทรทรทรทรทรทรทรทรทรทรทรทรทรทรทรทรทรทรทรทรทรทรทรทรทรทรทรทรทรทรทรทรทรทรทรทรทรทรทรทรทรทรทรทรทรทรทรทรทรทรทรทรทรทรทรทรทรทรทรทรทรทรทรทรทรทรทรทรทรทรทรทรทรทรทรทรทรทรทรทรทรทรทรทรทรทรทรทรทรทรทรทรทรทรทรทรทรทรทรทรทรทรทรทรทรทรทรทรทรทรทรทรทรทรทรทรทรทรทรทรทรทรทรทรทรทรทรทรทรทรทรทรทรทรทรทรทรทรทรทรทรทรทรทรทรทรทรทรทรทรทรทรทรทรทรทรทรทรทรทรทรทรทรทรทรทรทรทรทรทรทรทรทรทรทรทรทรทรทรทรทรทรทรทรทรทรทรทรทรทรทรทรทรทรทรทรทรทรทรทรทรทรทรทรทรทรทรทรทรทรทรทรทรทรทรทรทรทรทรทรทรทรทรทรทรทรทรทรทรทรทรทรทรทรทรทรทรทรทรทรทรทรทรทรทรทรทรทรทรทรทรทรทรทรทรทรทรทรทรทรทรทรทรทรทรทรทรทรทรทรทรทรทรทรทรทรทรทรทรทรทรทรทรทรทรทรทรทรทรทรทรทรทรทรทรทรทรทรทรทรทรทรทรทรทรทรทรทรทรทรทรทรทรทรทรทรทรทรทรทรทรทรทรทรทรทรทรทรทรทรทรทรทรทรทรทรทรทรทรทรทรทรทรทรทรทรทรทรทรทรทรทรทรทรทรทรทรทรทรทรทรทรทรทรทรทรทรทรทรทรทรทรทรทรทรทรทรทรทรทรทรทรทรทรทรทรทรทรทรทรทรทรทรทรทรทรทรทรทรทรทรทรทรทรทรทรทรทรทรทรทรทรทรทรทรทรทรทรทรทรทรทรทรทรทรทรทรทรทรทรทรทรทรทรทรทรทรทรทรทรทรทรทรทรทรทรทรทรทรทรทรทรทรทรทรทรทรทรทรทรทรทรทรทรทรทรทรทรทรทรทรทรทรทรทรทรทรทรทรทรทรทรทรทรทรทรทรทรทรทรทรทรทรทรทรทรทรทรทรทรทรทรทรทรทรทรทรทรทรทรทรทรทรทรทรทรทรทรทรทรทรทรทรทรทรทรทรทรทรทรทรทรทรทรทรทรทรทรทรทรทรทรทรทรทรทรทรทรทรทรทรทรทรทรทรทรทรทรทรทรทรทรทรทรทรทรทรทรทรทรทรทรทรทรทรทรทรทรทรทรทรทรทรทรทรทรทรทรทรทรทรทรทรทรทรทรทรทรทรทรทรทรทรทรทรทรทรทรทรทรทรทรทรทรทรทรทรทรทรทรทรทรทรทรทรทรทรทรทรทรทรทรทรทรทรทรทรทรทรทรทรทรทรทรทรทรทรทรทรทรทรทรทรทรทรทรทรทรทรทรทรทรทรทรทรทรทรทรทรทรทรทรทรทรทรทรทรทรทรทรทรทรทรทรทรทรทรทรทรทรทรทรทรทรทรทรทรทรทรทรทรทรทรทรทรทรทรทรทรทรทรทรทรทรทรทรทรทรทรทรทรทรทรทรทรทรทรทรทรทรทรทรทรทรทรทรทรทรทรทรทรทรทรทรทรทรทรทรทรทรทรทรทรทรทรทรทรทรทรทรทรทรทรทรทรทรทรทรทรทรทรทรทรทรทรทรทรทรทรทรทรทรทรทรทรทรทรทรทรทรทรทรทรทรทรทรทรทรทรทรทรทรทรทรทรทรทรทรทรทรทรทรทรทรทรทรทรทรทรทรทรทรทรทรทรทรทรทรทรทรทรทรทรทรทรทรทรทรทรทรทรทรทรทรทรทรทรทรทรทรทรทรทรทรทรทรทรทรทรทรทรทรทรทรทรทรทรทรทรทรทรทรทรทรทรทรทรทรทรทรทรทรทรทรทรทรทรทรทรทรทรทรทรทรทรทรทรทรทรทรทรทรทรทรทรทรทรทรทรทรทรทรทรทรทรทรทรทรทรทรทรทรทรทรทรทรทรทรทรทรทรทรทรทรทรทรทรทรทรทรทรทรทรทรทรทรทรทรทรทรทรทรทรทรทรทรทรทรทรทรทรทรทรทรทรทรทรทรทรทรทรทรทรทรทรทรทรทรทรทรทรทรทรทรทรทรทรทรทรทรทรทรทรทรทรทรทรทรทรทรทรทรทรทรทรทรทรทรทรทรทรทรทรทรทรทรทรทรทรทรทรทรทรทรทรทรทรทรทรทรทรทรทรทรทรทรทรทรทรทรทรทรทรทรทรทรทรทรทรทรทรทรทรทรทรทรทรทรทรทรทรทรทรทรทรทรทรทรทรทรทรทรทรทรทรทรทรทรทรทรทรทรทรทรทรทรทรทรทรทรทรทรทรทรทรทรทรทรทรทรทรทรทรทรทรทรทรทรทรทรทรทรทรทรทรทรทรทรทรทรทรทรทรทรทรทรทรทรทรทรทรทรทรทรทรทรทรทรทรทรทรทรทรทรทรทรทรทรทรทรทรทรทรทรทรทรทรทรทรทรทรทรทรทรทรทรทรทรท', Guild: William Shakespeare Official Fanclub, Channel: pybot
21:54:08.168190: [CMD] Ashley~#1337: '!tts  โ', Guild: William Shakespeare Official Fanclub, Channel: pybot
21:54:15.892109: [CMD] Ashley~#1337: '!tts  โ โ โ โ โ โ โ โ', Guild: William Shakespeare Official Fanclub, Channel: pybot
21:54:56.549450: [CMD] Ashley~#1337: '!tts 7^7', Guild: William Shakespeare Official Fanclub, Channel: pybot
21:55:49.314201: [CMD] Ashley~#1337: '!tts โท', Guild: William Shakespeare Official Fanclub, Channel: pybot
21:56:00.217063: [CMD] Ashley~#1337: '!tts โทโทโทโทโทโทโทโทโทโทโทโทโทโทโทโทโทโทโทโทโทโทโทโทโทโทโทโทโทโทโทโทโทโทโทโทโทโทโทโทโทโทโทโทโทโทโทโทโทโทโทโทโทโทโทโทโทโทโทโทโทโทโทโทโทโทโทโทโทโทโทโทโทโทโทโทโทโทโทโทโทโทโทโทโทโทโทโทโทโทโทโทโทโทโทโทโทโทโทโทโทโทโทโทโทโทโทโทโทโทโทโทโทโทโทโทโทโทโทโทโทโทโทโทโทโท', Guild: William Shakespeare Official Fanclub, Channel: pybot
21:57:05.893719: [CMD] Ashley~#1337: '!tts โ', Guild: William Shakespeare Official Fanclub, Channel: pybot
21:57:22.855210: [CMD] Ashley~#1337: '!tts โฆ', Guild: William Shakespeare Official Fanclub, Channel: pybot
21:58:06.706608: [CMD] Ashley~#1337: '!tts ยซ', Guild: William Shakespeare Official Fanclub, Channel: pybot
21:58:19.201833: [CMD] Ashley~#1337: '!tts เผฝ', Guild: William Shakespeare Official Fanclub, Channel: pybot
21:58:35.894096: [CMD] Ashley~#1337: '!tts โ', Guild: William Shakespeare Official Fanclub, Channel: pybot
21:58:50.344300: [CMD] Ashley~#1337: '!tts โณ', Guild: William Shakespeare Official Fanclub, Channel: pybot
21:59:02.494628: [CMD] Ashley~#1337: '!tts โ', Guild: William Shakespeare Official Fanclub, Channel: pybot
21:59:20.207036: [CMD] Ashley~#1337: '!tts โฅ', Guild: William Shakespeare Official Fanclub, Channel: pybot
21:59:26.828516: [CMD] Ashley~#1337: '!tts {', Guild: William Shakespeare Official Fanclub, Channel: pybot
22:00:20.814859: [CMD] Ashley~#1337: '!tts โน', Guild: William Shakespeare Official Fanclub, Channel: pybot
22:00:32.579068: [CMD] Ashley~#1337: '!tts โฏ', Guild: William Shakespeare Official Fanclub, Channel: pybot
22:00:48.122301: [CMD] Ashley~#1337: '!tts โฎ', Guild: William Shakespeare Official Fanclub, Channel: pybot
22:01:15.899162: [CMD] Ashley~#1337: '!tts โงธ', Guild: William Shakespeare Official Fanclub, Channel: pybot
22:01:57.865300: [CMD] Lmaooo#8783: '!tts N word', Guild: William Shakespeare Official Fanclub, Channel: pybot
22:02:28.556960: [CMD] Aston#0514: '!tts cock and balls', Guild: William Shakespeare Official Fanclub, Channel: pybot
22:02:40.894736: [CMD] Aston#0514: '!tts zore is a whore', Guild: William Shakespeare Official Fanclub, Channel: pybot
22:02:45.893905: [CMD] Ashley~#1337: '!tts ยด', Guild: William Shakespeare Official Fanclub, Channel: pybot
22:03:01.731358: [CMD] Aston#0514: '!tts doopytroop uwu', Guild: William Shakespeare Official Fanclub, Channel: pybot
22:03:18.953487: [CMD] Aston#0514: '!tts doopytroopy oowoo', Guild: William Shakespeare Official Fanclub, Channel: pybot
22:05:03.057610: [CMD] Ashley~#1337: '!tts ฤฒ', Guild: William Shakespeare Official Fanclub, Channel: pybot
22:05:08.897463: [CMD] Ashley~#1337: '!tts ฤฒฤฒฤฒฤฒฤฒฤฒฤฒฤฒฤฒฤฒฤฒฤฒฤฒฤฒฤฒฤฒฤฒฤฒฤฒ', Guild: William Shakespeare Official Fanclub, Channel: pybot
22:05:27.688571: [CMD] Ashley~#1337: '!tts โฑ', Guild: William Shakespeare Official Fanclub, Channel: pybot
22:06:00.319100: [CMD] Ashley~#1337: '!tts ั', Guild: William Shakespeare Official Fanclub, Channel: pybot
22:06:15.891914: [CMD] Ashley~#1337: '!tts ะซ', Guild: William Shakespeare Official Fanclub, Channel: pybot
22:06:31.552913: [CMD] Ashley~#1337: '!tts ฯ', Guild: William Shakespeare Official Fanclub, Channel: pybot
22:06:43.739697: [CMD] Ashley~#1337: '!tts ฯ', Guild: William Shakespeare Official Fanclub, Channel: pybot
22:07:03.277312: [CMD] Ashley~#1337: '!tts ฮ', Guild: William Shakespeare Official Fanclub, Channel: pybot
22:07:19.881095: [CMD] Ashley~#1337: '!tts โฬ', Guild: William Shakespeare Official Fanclub, Channel: pybot
22:07:47.762611: [CMD] Ashley~#1337: '!tts ฤฆ', Guild: William Shakespeare Official Fanclub, Channel: pybot
22:08:08.406714: [CMD] Ashley~#1337: '!tts ยท', Guild: William Shakespeare Official Fanclub, Channel: pybot
22:09:26.704955: [CMD] Ashley~#1337: '!tts ยค', Guild: William Shakespeare Official Fanclub, Channel: pybot
22:09:45.895151: [CMD] Ashley~#1337: '!tts โฑ', Guild: William Shakespeare Official Fanclub, Channel: pybot
22:09:59.928017: [CMD] Ashley~#1337: '!tts โข', Guild: William Shakespeare Official Fanclub, Channel: pybot
22:10:15.896617: [CMD] Ashley~#1337: '!tts โ', Guild: William Shakespeare Official Fanclub, Channel: pybot
22:10:43.260037: [CMD] Ashley~#1337: '!tts โ', Guild: William Shakespeare Official Fanclub, Channel: pybot
22:11:40.541842: [CMD] Ashley~#1337: '!tts โก', Guild: William Shakespeare Official Fanclub, Channel: pybot
22:11:57.488841: [CMD] Ashley~#1337: '!tts โ', Guild: William Shakespeare Official Fanclub, Channel: pybot
22:13:27.576656: [CMD] Ashley~#1337: '!tts สท', Guild: William Shakespeare Official Fanclub, Channel: pybot
22:13:55.896711: [CMD] Ashley~#1337: '!tts อบ', Guild: William Shakespeare Official Fanclub, Channel: pybot
22:14:12.655944: [CMD] Ashley~#1337: '!tts ฮฐ', Guild: William Shakespeare Official Fanclub, Channel: pybot
22:14:40.721089: [CMD] Ashley~#1337: '!tts  า', Guild: William Shakespeare Official Fanclub, Channel: pybot
22:15:23.297046: [CMD] Ashley~#1337: '!tts โฑ', Guild: William Shakespeare Official Fanclub, Channel: pybot
22:15:37.379521: [CMD] Ashley~#1337: '!tts โ', Guild: William Shakespeare Official Fanclub, Channel: pybot
22:15:56.435449: [CMD] Ashley~#1337: '!tts     โ', Guild: William Shakespeare Official Fanclub, Channel: pybot
22:17:15.897154: [CMD] Ashley~#1337: '!tts     โฐ', Guild: William Shakespeare Official Fanclub, Channel: pybot
22:17:35.895675: [CMD] Ashley~#1337: '!tts โฃ', Guild: William Shakespeare Official Fanclub, Channel: pybot
22:18:00.641937: [CMD] Ashley~#1337: '!tts โง', Guild: William Shakespeare Official Fanclub, Channel: pybot
22:18:36.549929: [CMD] Ashley~#1337: '!tts โจ', Guild: William Shakespeare Official Fanclub, Channel: pybot
22:19:06.329371: [CMD] Ashley~#1337: '!tts ฯฟ', Guild: William Shakespeare Official Fanclub, Channel: pybot
22:20:05.892323: [CMD] Ashley~#1337: '!tts ยช', Guild: William Shakespeare Official Fanclub, Channel: pybot
22:20:16.188350: [CMD] Ashley~#1337: '!tts aยช', Guild: William Shakespeare Official Fanclub, Channel: pybot
22:20:29.689935: [CMD] Ashley~#1337: '!tts ร', Guild: William Shakespeare Official Fanclub, Channel: pybot
22:20:58.698538: [CMD] Ashley~#1337: '!tts ว', Guild: William Shakespeare Official Fanclub, Channel: pybot
22:21:16.532586: [CMD] Ashley~#1337: '!tts ศข', Guild: William Shakespeare Official Fanclub, Channel: pybot
22:23:39.287495: [CMD] mariyt#0420: '!say cock', Guild: William Shakespeare Official Fanclub, Channel: pybot
22:33:02.298507: [CMD] !!      ๐atatesadam#9073: '!alt', Guild: William Shakespeare Official Fanclub, Channel: pybot
22:33:15.897130: [CMD] Snowy#5619: '!alt', Guild: None, Channel: Direct Message with Snowy#5619
22:45:30.149235: [CMD] Aston#0514: '!cock', Guild: William Shakespeare Official Fanclub, Channel: pybot
22:45:35.891945: [CMD] Dopichu#1541: '!penis', Guild: William Shakespeare Official Fanclub, Channel: pybot
