11_9_2021-18-27.55.983856: [STARTUP] Bot is running!
18:28:06.844700: [CMD] !!      ğ“…atatesadam#9073: '!alt', Guild: William Shakespeare Official Fanclub, Channel: le-fishe-au-general
18:28:23.122191: [CMD] !!      ğ“…atatesadam#9073: '!meme', Guild: William Shakespeare Official Fanclub, Channel: memes
18:28:58.154692: [CMD] !!      ğ“…atatesadam#9073: '!alt', Guild: joe inc., Channel: test
18:29:13.472625: [CMD] !!      ğ“…atatesadam#9073: '!alt', Guild: William Shakespeare Official Fanclub, Channel: memes
18:34:01.716322: [CMD] joe swanson#1234: '!say <@484170415720235009>', Guild: William Shakespeare Official Fanclub, Channel: le-fishe-au-general
18:34:17.050098: [CMD] joe swanson#1234: '!say <@484170415720235009>', Guild: William Shakespeare Official Fanclub, Channel: le-fishe-au-general
18:38:39.088840: [CMD] mariyt#0420: '!channel ban <#886100001732829254>', Guild: William Shakespeare Official Fanclub, Channel: le-fishe-au-general
18:45:13.837645: [CMD] Lto#0001: '!ban <@494019977595322369>  L', Guild: William Shakespeare Official Fanclub, Channel: le-fishe-au-general
18:50:02.967382: [CMD] !!      ğ“…atatesadam#9073: '!alt', Guild: joe inc., Channel: bot
18:51:51.237888: [CMD] (×©××•×œ×™×§ ×”××œ×š (× ×˜×•×”×˜××‘×˜×‘#0001: '!help admin', Guild: None, Channel: Direct Message with (×©××•×œ×™×§ ×”××œ×š (× ×˜×•×”×˜××‘×˜×‘#0001
18:52:18.675149: [CMD] (×©××•×œ×™×§ ×”××œ×š (× ×˜×•×”×˜××‘×˜×‘#0001: '!deop 818236132578820126', Guild: None, Channel: Direct Message with (×©××•×œ×™×§ ×”××œ×š (× ×˜×•×”×˜××‘×˜×‘#0001
18:52:36.237617: [CMD] (×©××•×œ×™×§ ×”××œ×š (× ×˜×•×”×˜××‘×˜×‘#0001: '!deop <@!818236132578820126> eat shit', Guild: William Shakespeare Official Fanclub, Channel: le-fishe-au-general
18:52:42.904407: [CMD] (×©××•×œ×™×§ ×”××œ×š (× ×˜×•×”×˜××‘×˜×‘#0001: '!ban <@!818236132578820126>  fuck u', Guild: William Shakespeare Official Fanclub, Channel: le-fishe-au-general
18:53:01.238015: [CMD] (×©××•×œ×™×§ ×”××œ×š (× ×˜×•×”×˜××‘×˜×‘#0001: '!unban <@!494019977595322369>', Guild: None, Channel: Direct Message with (×©××•×œ×™×§ ×”××œ×š (× ×˜×•×”×˜××‘×˜×‘#0001
18:53:22.739609: [CMD] (×©××•×œ×™×§ ×”××œ×š (× ×˜×•×”×˜××‘×˜×‘#0001: '!unban <@!494019977595322369>', Guild: William Shakespeare Official Fanclub, Channel: memes
18:56:21.238592: [CMD] (×©××•×œ×™×§ ×”××œ×š (× ×˜×•×”×˜××‘×˜×‘#0001: '!alt', Guild: William Shakespeare Official Fanclub, Channel: memes
18:57:12.967821: [CMD] mariyt#0420: '!op <@818236132578820126>', Guild: cox, Channel: general
18:59:01.251520: [CMD] mariyt#0420: '!question', Guild: William Shakespeare Official Fanclub, Channel: memes
19:01:16.748283: [CMD] Aston#0514: '!question', Guild: William Shakespeare Official Fanclub, Channel: memes
19:01:27.018391: [CMD] Aston#0514: '!question', Guild: William Shakespeare Official Fanclub, Channel: memes
19:02:28.791939: [CMD] Aston#0514: '!question', Guild: William Shakespeare Official Fanclub, Channel: memes
19:02:56.662643: [CMD] Aston#0514: '!question', Guild: William Shakespeare Official Fanclub, Channel: memes
19:03:36.239291: [CMD] Aston#0514: '!question', Guild: William Shakespeare Official Fanclub, Channel: memes
19:03:56.876255: [CMD] Aston#0514: '!question', Guild: William Shakespeare Official Fanclub, Channel: memes
19:04:56.238968: [CMD] Aston#0514: '!question', Guild: William Shakespeare Official Fanclub, Channel: memes
19:05:06.238831: [CMD] Aston#0514: '!question', Guild: William Shakespeare Official Fanclub, Channel: memes
19:05:17.062310: [CMD] Aston#0514: '!question', Guild: William Shakespeare Official Fanclub, Channel: memes
19:05:26.237565: [CMD] Aston#0514: '!question', Guild: William Shakespeare Official Fanclub, Channel: memes
19:05:51.237743: [CMD] Aston#0514: '!question', Guild: William Shakespeare Official Fanclub, Channel: memes
19:06:11.485852: [CMD] Aston#0514: '!question', Guild: William Shakespeare Official Fanclub, Channel: memes
19:07:16.238578: [CMD] Lto#0001: '!question', Guild: William Shakespeare Official Fanclub, Channel: le-fishe-au-general
19:07:52.601256: [CMD] Lto#0001: '!deop <@!494019977595322369>', Guild: William Shakespeare Official Fanclub, Channel: le-fishe-au-general
19:07:57.961052: [CMD] Lto#0001: '!ban <@!494019977595322369> nah', Guild: William Shakespeare Official Fanclub, Channel: le-fishe-au-general
19:08:11.619656: [CMD] Lto#0001: '!question', Guild: William Shakespeare Official Fanclub, Channel: memes
19:10:12.658935: [CMD] NotDuperTrooperISwear#3505: '!say balls', Guild: William Shakespeare Official Fanclub, Channel: le-fishe-au-general
19:10:18.347650: [CMD] thediamondx12#6969: '!help', Guild: William Shakespeare Official Fanclub, Channel: memes
19:10:46.238967: [CMD] Lto#0001: '!say in yo jaws', Guild: William Shakespeare Official Fanclub, Channel: le-fishe-au-general
19:10:49.220305: [CMD] Lto#0001: '!tts balls in yo jaws', Guild: William Shakespeare Official Fanclub, Channel: le-fishe-au-general
19:11:01.237014: [CMD] Lto#0001: '!tts balls in yo jaws -ru', Guild: William Shakespeare Official Fanclub, Channel: le-fishe-au-general
19:13:38.794320: [CMD] 0x150#0150: '!help tts', Guild: William Shakespeare Official Fanclub, Channel: le-fishe-au-general
19:14:08.437485: [CMD] 0x150#0150: '!tts balls in yo jaws -l ru', Guild: William Shakespeare Official Fanclub, Channel: le-fishe-au-general
19:14:31.237869: [CMD] Lto#0001: '!deop <@!824324885379416106>', Guild: William Shakespeare Official Fanclub, Channel: le-fishe-au-general
19:14:36.237426: [CMD] Lto#0001: '!ban <@!824324885379416106> bad', Guild: William Shakespeare Official Fanclub, Channel: le-fishe-au-general
19:15:11.235418: [CMD] Lto#0001: '!tts balls in yo jaws -l au', Guild: William Shakespeare Official Fanclub, Channel: le-fishe-au-general
19:15:26.237580: [CMD] mariyt#0420: '!op <@824324885379416106>', Guild: William Shakespeare Official Fanclub, Channel: le-fishe-au-general
19:15:31.236470: [CMD] 0x150#0150: '!deop <@!818236132578820126>', Guild: William Shakespeare Official Fanclub, Channel: le-fishe-au-general
19:15:38.937289: [CMD] mariyt#0420: '!op <@494019977595322369>', Guild: William Shakespeare Official Fanclub, Channel: le-fishe-au-general
19:15:51.236720: [CMD] 0x150#0150: '!tts lto bad -l ja', Guild: William Shakespeare Official Fanclub, Channel: le-fishe-au-general
19:15:57.865375: [CMD] 0x150#0150: '!ban <@!818236132578820126> me when i can', Guild: William Shakespeare Official Fanclub, Channel: le-fishe-au-general
19:16:41.612716: [CMD] 0x150#0150: '!ops', Guild: William Shakespeare Official Fanclub, Channel: le-fishe-au-general
19:17:26.238804: [CMD] 0x150#0150: '!question', Guild: William Shakespeare Official Fanclub, Channel: memes
19:20:06.236328: [CMD] 0x150#0150: '!deop <@!484170415720235009> dont', Guild: William Shakespeare Official Fanclub, Channel: le-fishe-au-general
19:20:21.236651: [CMD] mariyt#0420: '!op <@484170415720235009>', Guild: William Shakespeare Official Fanclub, Channel: le-fishe-au-general
19:20:27.890291: [CMD] Aston#0514: '!op your mother', Guild: William Shakespeare Official Fanclub, Channel: le-fishe-au-general
19:22:51.854620: [CMD] Businessman Zorevelyn#3210: '!op <@!818236132578820126>', Guild: cox, Channel: general
19:23:12.574423: [CMD] Aston#0514: '!deop <@!818236132578820126>', Guild: cox, Channel: general
19:23:16.879853: [CMD] Aston#0514: '!deop <@!739970912144850984>', Guild: cox, Channel: general
19:23:36.237952: [CMD] gzeht#5884: '!alt', Guild: William Shakespeare Official Fanclub, Channel: memes
19:24:06.411188: [CMD] mariyt#0420: '!op <@818236132578820126>', Guild: cox, Channel: general
19:24:18.167967: [CMD] Aston#0514: '!op <@!739970912144850984>', Guild: cox, Channel: general
19:24:19.130256: [CMD] Lto#0001: '!deop <@!760602301790158868>', Guild: cox, Channel: general
19:24:26.237456: [CMD] Lto#0001: '!ban <@!760602301790158868>', Guild: cox, Channel: general
19:24:46.880491: [CMD] Lto#0001: '!deop <@!824324885379416106>', Guild: William Shakespeare Official Fanclub, Channel: le-fishe-au-general
19:24:51.236115: [CMD] Lto#0001: '!ban <@!824324885379416106>', Guild: William Shakespeare Official Fanclub, Channel: le-fishe-au-general
19:25:02.726679: [CMD] mariyt#0420: '!deop <@818236132578820126>', Guild: William Shakespeare Official Fanclub, Channel: le-fishe-au-general
19:25:31.235639: [CMD] mariyt#0420: '!op <@824324885379416106>', Guild: William Shakespeare Official Fanclub, Channel: le-fishe-au-general
19:26:01.239670: [CMD] Businessman Zorevelyn#3210: '!op <@!818236132578820126>', Guild: cox, Channel: general
19:26:06.237570: [CMD] Lto#0001: '!deop <@!824324885379416106>', Guild: William Shakespeare Official Fanclub, Channel: le-fishe-au-general
19:26:09.225906: [CMD] Lto#0001: '!ban <@!824324885379416106>', Guild: William Shakespeare Official Fanclub, Channel: le-fishe-au-general
19:26:56.614724: [CMD] Lto#0001: '!op <@!824324885379416106>', Guild: William Shakespeare Official Fanclub, Channel: le-fishe-au-general
19:26:58.126670: [CMD] 0x150#0150: '!logs', Guild: William Shakespeare Official Fanclub, Channel: le-fishe-au-general
19:27:28.179583: [CMD] Lto#0001: '!unban <@!760602301790158868>', Guild: William Shakespeare Official Fanclub, Channel: le-fishe-au-general
19:27:36.813358: [CMD] Lto#0001: '!op <@!760602301790158868>', Guild: William Shakespeare Official Fanclub, Channel: le-fishe-au-general
19:30:09.193442: [CMD] Businessman Zorevelyn#3210: '!question', Guild: William Shakespeare Official Fanclub, Channel: memes
19:32:21.238088: [CMD] mariyt#0420: '!question', Guild: William Shakespeare Official Fanclub, Channel: memes
19:33:41.871536: [CMD] mariyt#0420: '!question', Guild: William Shakespeare Official Fanclub, Channel: memes
19:37:19.046686: [CMD] Aston#0514: '!question', Guild: William Shakespeare Official Fanclub, Channel: memes
19:38:16.620123: [CMD] (×©××•×œ×™×§ ×”××œ×š (× ×˜×•×”×˜××‘×˜×‘#0001: '!question', Guild: William Shakespeare Official Fanclub, Channel: memes
19:39:16.235715: [CMD] Aston#0514: '!question', Guild: William Shakespeare Official Fanclub, Channel: memes
19:39:41.712634: [CMD] Aston#0514: '!question', Guild: William Shakespeare Official Fanclub, Channel: memes
19:40:01.237562: [CMD] eggy#6498: '!question', Guild: William Shakespeare Official Fanclub, Channel: memes
19:40:32.440616: [CMD] gzeht#5884: '!alt', Guild: William Shakespeare Official Fanclub, Channel: memes
19:40:41.236902: [CMD] Aston#0514: '!question', Guild: William Shakespeare Official Fanclub, Channel: memes
19:41:11.237919: [CMD] Aston#0514: '!question', Guild: William Shakespeare Official Fanclub, Channel: memes
19:41:22.504595: [CMD] eggy#6498: '!question', Guild: William Shakespeare Official Fanclub, Channel: memes
19:41:29.096244: [CMD] gzeht#5884: '!alt', Guild: joe inc., Channel: bot
19:42:08.552586: [CMD] Aston#0514: '!question', Guild: William Shakespeare Official Fanclub, Channel: memes
19:42:56.236575: [CMD] Aston#0514: '!question', Guild: William Shakespeare Official Fanclub, Channel: memes
19:43:02.596943: [CMD] Aston#0514: '!question', Guild: William Shakespeare Official Fanclub, Channel: memes
19:43:26.236718: [CMD] Aston#0514: '!question', Guild: William Shakespeare Official Fanclub, Channel: memes
19:43:26.239172: [CMD] mariyt#0420: '!question 30', Guild: William Shakespeare Official Fanclub, Channel: memes
19:43:41.237203: [CMD] eggy#6498: '!question 100', Guild: William Shakespeare Official Fanclub, Channel: memes
19:43:47.870227: [CMD] eggy#6498: '!question ep', Guild: William Shakespeare Official Fanclub, Channel: memes
19:43:51.633686: [CMD] eggy#6498: '!question 30', Guild: William Shakespeare Official Fanclub, Channel: memes
19:43:56.236798: [CMD] eggy#6498: '!question 30', Guild: William Shakespeare Official Fanclub, Channel: memes
19:43:57.920657: [CMD] eggy#6498: '!question 30', Guild: William Shakespeare Official Fanclub, Channel: memes
19:44:11.378521: [CMD] mariyt#0420: '!tempban <@775011827410927636> 10m stop', Guild: William Shakespeare Official Fanclub, Channel: memes
19:45:36.395344: [CMD] (×©××•×œ×™×§ ×”××œ×š (× ×˜×•×”×˜××‘×˜×‘#0001: '!ban @youmomgaming', Guild: William Shakespeare Official Fanclub, Channel: memes
19:46:06.237256: [CMD] Aston#0514: '!ban dad', Guild: William Shakespeare Official Fanclub, Channel: memes
19:46:13.219010: [CMD] (×©××•×œ×™×§ ×”××œ×š (× ×˜×•×”×˜××‘×˜×‘#0001: '!ban mo', Guild: William Shakespeare Official Fanclub, Channel: memes
19:46:48.979304: [CMD] mariyt#0420: '!check florianbuchet1@gmail.com:25101999Flo@', Guild: William Shakespeare Official Fanclub, Channel: memes
19:47:32.501148: [CMD] mariyt#0420: '!data <@!775011827410927636>', Guild: William Shakespeare Official Fanclub, Channel: memes
19:47:49.061793: [CMD] mariyt#0420: '!question', Guild: William Shakespeare Official Fanclub, Channel: memes
19:47:56.967446: [CMD] (×©××•×œ×™×§ ×”××œ×š (× ×˜×•×”×˜××‘×˜×‘#0001: '!check florianbuchet1@gmail.com:25101999Flo@', Guild: William Shakespeare Official Fanclub, Channel: memes
19:48:02.161504: [CMD] slixvel#1085: '!say op <@!551335019226857474>', Guild: William Shakespeare Official Fanclub, Channel: memes
19:48:16.236288: [CMD] slixvel#1085: '!say !op <@!551335019226857474>', Guild: William Shakespeare Official Fanclub, Channel: memes
19:48:21.237358: [CMD] Aston#0514: '!say stop', Guild: William Shakespeare Official Fanclub, Channel: memes
19:48:36.718949: [CMD] Aston#0514: '!say !ban <@!551335019226857474>', Guild: William Shakespeare Official Fanclub, Channel: memes
19:49:01.238770: [CMD] slixvel#1085: '!say UwU is a swear word', Guild: William Shakespeare Official Fanclub, Channel: memes
19:49:23.110529: [CMD] mariyt#0420: '!embed "daddy uwu" fffffff "fuck me"', Guild: William Shakespeare Official Fanclub, Channel: memes
19:49:31.238133: [CMD] mariyt#0420: '!embed "daddy uwu" ffffff "fuck me"', Guild: William Shakespeare Official Fanclub, Channel: memes
19:50:37.063052: [CMD] slixvel#1085: '!penis', Guild: William Shakespeare Official Fanclub, Channel: memes
19:51:32.195754: [CMD] mariyt#0420: '!question', Guild: William Shakespeare Official Fanclub, Channel: memes
19:52:42.643507: [CMD] mariyt#0420: '!question', Guild: William Shakespeare Official Fanclub, Channel: memes
20:06:56.238562: [CMD] NotDuperTrooperISwear#3505: '!say dripping cock', Guild: William Shakespeare Official Fanclub, Channel: memes
20:07:01.435226: [CMD] NotDuperTrooperISwear#3505: '!say dripping cock', Guild: William Shakespeare Official Fanclub, Channel: memes
20:07:03.332300: [CMD] NotDuperTrooperISwear#3505: '!say dripping cock', Guild: William Shakespeare Official Fanclub, Channel: memes
20:07:06.236346: [CMD] NotDuperTrooperISwear#3505: '!say dripping cock', Guild: William Shakespeare Official Fanclub, Channel: memes
20:07:07.150812: [CMD] NotDuperTrooperISwear#3505: '!say dripping cock', Guild: William Shakespeare Official Fanclub, Channel: memes
20:10:56.236385: [CMD] mariyt#0420: '!say dripping cock', Guild: William Shakespeare Official Fanclub, Channel: memes
20:15:42.478408: [CMD] mariyt#0420: '!say <a:trollevil:870104655613530112>', Guild: William Shakespeare Official Fanclub, Channel: le-fishe-au-general
20:15:58.779108: [CMD] Lto#0001: '!say <a:FloppaAnrgy:799486220823429141>', Guild: William Shakespeare Official Fanclub, Channel: le-fishe-au-general
20:16:31.238548: [CMD] mariyt#0420: '!say <:pablo:875142000201044079>', Guild: William Shakespeare Official Fanclub, Channel: le-fishe-au-general
